2018-03-30 13:49:51,616 :: INFO :: DATA: {'object': 'page', 'entry': [{'id': '301036963725724', 'time': 1522417790973, 'messaging': [{'recipient': {'id': '301036963725724'}, 'timestamp': 1522409047870, 'message': {'text': 'Art', 'seq': 590914, 'mid': 'mid.$cAAFLOeWthyRop-vPPlidqaHBqzVn'}, 'sender': {'id': '1680982418636079'}}]}]}
2018-03-30 13:49:51,840 :: INFO :: USER DETAIL: {'error': {'code': 2018001, 'type': 'OAuthException', 'message': '(#2018001) No matching user: No matching user found', 'fbtrace_id': 'CoYyhBNh8yB'}}
2018-03-30 13:49:51,990 :: INFO :: STATUS CODE - TYPING BUBBLE: 400 - {"error":{"message":"(#551) This person isn't available right now.","type":"OAuthException","code":551,"error_subcode":1545041,"fbtrace_id":"GqUCrdj\/akn"}}
2018-03-30 13:49:53,216 :: INFO :: STATUS CODE - MSG: 400 - {"error":{"message":"(#551) This person isn't available right now.","type":"OAuthException","code":551,"error_subcode":1545041,"fbtrace_id":"BLWTOdjxDlw"}}
2018-03-30 13:50:03,379 :: INFO :: DATA: {'object': 'page', 'entry': [{'id': '301036963725724', 'time': 1522417802940, 'messaging': [{'recipient': {'id': '301036963725724'}, 'timestamp': 1522409429753, 'message': {'text': 'Je veux voir un film d’action des années 1990', 'seq': 822104, 'mid': 'mid.$cAAFLPsP3AvFop_Gi-VidqxaNzrcL'}, 'sender': {'id': '1552710298187694'}}]}]}
2018-03-30 13:50:03,549 :: INFO :: USER DETAIL: {'error': {'code': 2018001, 'type': 'OAuthException', 'message': '(#2018001) No matching user: No matching user found', 'fbtrace_id': 'CqllxNZ9bh0'}}
2018-03-30 13:50:03,690 :: INFO :: STATUS CODE - TYPING BUBBLE: 400 - {"error":{"message":"(#551) This person isn't available right now.","type":"OAuthException","code":551,"error_subcode":1545041,"fbtrace_id":"HGkIGLYaLao"}}
2018-03-30 13:50:05,097 :: INFO :: STATUS CODE - MSG: 400 - {"error":{"message":"(#551) This person isn't available right now.","type":"OAuthException","code":551,"error_subcode":1545041,"fbtrace_id":"FRnAWrNuwmJ"}}
2018-03-30 13:50:07,085 :: INFO :: DATA: {'object': 'page', 'entry': [{'id': '301036963725724', 'time': 1522417806324, 'messaging': [{'recipient': {'id': '301036963725724'}, 'timestamp': 1522359991730, 'message': {'text': 'ahah trop drôle', 'seq': 1553249, 'mid': 'mid.$cAAERyp6dTPJopP9Fslic7n9a3JUe'}, 'sender': {'id': '1339786812797881'}}]}]}
2018-03-30 13:50:07,241 :: INFO :: USER DETAIL: {'error': {'code': 2018001, 'type': 'OAuthException', 'message': '(#2018001) No matching user: No matching user found', 'fbtrace_id': 'HAUw3OQzx8r'}}
2018-03-30 13:50:07,380 :: INFO :: STATUS CODE - TYPING BUBBLE: 400 - {"error":{"message":"(#551) This person isn't available right now.","type":"OAuthException","code":551,"error_subcode":1545041,"fbtrace_id":"CNJLQb1H\/IO"}}
2018-03-30 13:50:08,656 :: INFO :: STATUS CODE - MSG: 400 - {"error":{"message":"(#551) This person isn't available right now.","type":"OAuthException","code":551,"error_subcode":1545041,"fbtrace_id":"DpAj7D0puji"}}
2018-03-30 13:50:26,115 :: INFO :: DATA: {'object': 'page', 'entry': [{'id': '301036963725724', 'time': 1522417825855, 'messaging': [{'recipient': {'id': '301036963725724'}, 'postback': {'title': 'Démarrer', 'payload': 'first_conv'}, 'timestamp': 1522417825855, 'sender': {'id': '1518498408229929'}}]}]}
2018-03-30 13:50:26,299 :: INFO :: USER DETAIL: {'id': '1518498408229929', 'locale': 'fr_FR', 'first_name': 'Charles', 'last_name': 'Jacquet', 'gender': 'male', 'profile_pic': 'https://lookaside.facebook.com/platform/profilepic/?psid=1518498408229929&width=1024&ext=1522677026&hash=AeR70GXa5ZozfTlq'}
2018-03-30 13:50:43,436 :: INFO :: DATA: {'object': 'page', 'entry': [{'id': '301036963725724', 'time': 1522417843004, 'messaging': [{'recipient': {'id': '301036963725724'}, 'timestamp': 1522409946955, 'message': {'text': "je veux un film d'action des années 1990", 'seq': 518223, 'mid': 'mid.$cAAFLOdAkFTNop_mHS1idrRBvmZUP'}, 'sender': {'id': '1518498408229929'}}]}]}
2018-03-30 13:50:43,588 :: INFO :: USER DETAIL: {'id': '1518498408229929', 'locale': 'fr_FR', 'first_name': 'Charles', 'last_name': 'Jacquet', 'gender': 'male', 'profile_pic': 'https://lookaside.facebook.com/platform/profilepic/?psid=1518498408229929&width=1024&ext=1522677043&hash=AeTqcJ6Z3dI25Lzi'}
2018-03-30 13:51:06,704 :: INFO :: DATA: {'object': 'page', 'entry': [{'id': '301036963725724', 'time': 1522417866270, 'messaging': [{'recipient': {'id': '301036963725724'}, 'timestamp': 1522409047870, 'message': {'text': 'Art', 'seq': 590914, 'mid': 'mid.$cAAFLOeWthyRop-vPPlidqaHBqzVn'}, 'sender': {'id': '1680982418636079'}}]}]}
2018-03-30 13:51:06,870 :: INFO :: USER DETAIL: {'error': {'code': 2018001, 'type': 'OAuthException', 'message': '(#2018001) No matching user: No matching user found', 'fbtrace_id': 'HR29JLiIR+U'}}
2018-03-30 13:51:07,010 :: INFO :: STATUS CODE - TYPING BUBBLE: 400 - {"error":{"message":"(#551) This person isn't available right now.","type":"OAuthException","code":551,"error_subcode":1545041,"fbtrace_id":"FLlkSz\/0KYY"}}
2018-03-30 13:51:08,172 :: INFO :: STATUS CODE - MSG: 400 - {"error":{"message":"(#551) This person isn't available right now.","type":"OAuthException","code":551,"error_subcode":1545041,"fbtrace_id":"GuU9Xr1tVvV"}}
2018-03-30 13:51:19,632 :: INFO :: DATA: {'object': 'page', 'entry': [{'id': '301036963725724', 'time': 1522417879071, 'messaging': [{'recipient': {'id': '301036963725724'}, 'timestamp': 1522409429753, 'message': {'text': 'Je veux voir un film d’action des années 1990', 'seq': 822104, 'mid': 'mid.$cAAFLPsP3AvFop_Gi-VidqxaNzrcL'}, 'sender': {'id': '1552710298187694'}}]}]}
2018-03-30 13:51:19,790 :: INFO :: USER DETAIL: {'error': {'code': 2018001, 'type': 'OAuthException', 'message': '(#2018001) No matching user: No matching user found', 'fbtrace_id': 'DInAYmqNpW9'}}
2018-03-30 13:51:19,869 :: INFO :: DATA: {'object': 'page', 'entry': [{'id': '301036963725724', 'time': 1522417879440, 'messaging': [{'recipient': {'id': '301036963725724'}, 'timestamp': 1522359991730, 'message': {'text': 'ahah trop drôle', 'seq': 1553249, 'mid': 'mid.$cAAERyp6dTPJopP9Fslic7n9a3JUe'}, 'sender': {'id': '1339786812797881'}}]}]}
2018-03-30 13:51:19,933 :: INFO :: STATUS CODE - TYPING BUBBLE: 400 - {"error":{"message":"(#551) This person isn't available right now.","type":"OAuthException","code":551,"error_subcode":1545041,"fbtrace_id":"CPdKpkjrETh"}}
2018-03-30 13:51:20,032 :: INFO :: USER DETAIL: {'error': {'code': 2018001, 'type': 'OAuthException', 'message': '(#2018001) No matching user: No matching user found', 'fbtrace_id': 'ER+Dv8EF0ai'}}
2018-03-30 13:51:20,184 :: INFO :: STATUS CODE - TYPING BUBBLE: 400 - {"error":{"message":"(#551) This person isn't available right now.","type":"OAuthException","code":551,"error_subcode":1545041,"fbtrace_id":"BBVX3Jvcut6"}}
2018-03-30 13:51:21,389 :: INFO :: STATUS CODE - MSG: 400 - {"error":{"message":"(#551) This person isn't available right now.","type":"OAuthException","code":551,"error_subcode":1545041,"fbtrace_id":"Ch6glGBGD6S"}}
2018-03-30 13:51:21,422 :: INFO :: STATUS CODE - MSG: 400 - {"error":{"message":"(#551) This person isn't available right now.","type":"OAuthException","code":551,"error_subcode":1545041,"fbtrace_id":"H42Fk7AJLoU"}}
2018-03-30 13:51:58,278 :: INFO :: DATA: {'object': 'page', 'entry': [{'id': '301036963725724', 'time': 1522417917720, 'messaging': [{'recipient': {'id': '301036963725724'}, 'timestamp': 1522409946955, 'message': {'text': "je veux un film d'action des années 1990", 'seq': 518223, 'mid': 'mid.$cAAFLOdAkFTNop_mHS1idrRBvmZUP'}, 'sender': {'id': '1518498408229929'}}]}]}
2018-03-30 13:51:58,429 :: INFO :: USER DETAIL: {'id': '1518498408229929', 'locale': 'fr_FR', 'first_name': 'Charles', 'last_name': 'Jacquet', 'gender': 'male', 'profile_pic': 'https://lookaside.facebook.com/platform/profilepic/?psid=1518498408229929&width=1024&ext=1522677118&hash=AeSsCbXTR1OfThEo'}
2018-03-30 13:52:21,104 :: INFO :: DATA: {'object': 'page', 'entry': [{'id': '301036963725724', 'time': 1522417940475, 'messaging': [{'recipient': {'id': '301036963725724'}, 'timestamp': 1522409047870, 'message': {'text': 'Art', 'seq': 590914, 'mid': 'mid.$cAAFLOeWthyRop-vPPlidqaHBqzVn'}, 'sender': {'id': '1680982418636079'}}]}]}
2018-03-30 13:52:21,270 :: INFO :: USER DETAIL: {'error': {'code': 2018001, 'type': 'OAuthException', 'message': '(#2018001) No matching user: No matching user found', 'fbtrace_id': 'Dhr57bKqA+W'}}
2018-03-30 13:52:21,414 :: INFO :: STATUS CODE - TYPING BUBBLE: 400 - {"error":{"message":"(#551) This person isn't available right now.","type":"OAuthException","code":551,"error_subcode":1545041,"fbtrace_id":"H\/FKA+GMsQh"}}
2018-03-30 13:52:22,580 :: INFO :: STATUS CODE - MSG: 400 - {"error":{"message":"(#551) This person isn't available right now.","type":"OAuthException","code":551,"error_subcode":1545041,"fbtrace_id":"CpOPwpRdSUI"}}
2018-03-30 13:52:36,018 :: INFO :: DATA: {'object': 'page', 'entry': [{'id': '301036963725724', 'time': 1522417955384, 'messaging': [{'recipient': {'id': '301036963725724'}, 'timestamp': 1522409429753, 'message': {'text': 'Je veux voir un film d’action des années 1990', 'seq': 822104, 'mid': 'mid.$cAAFLPsP3AvFop_Gi-VidqxaNzrcL'}, 'sender': {'id': '1552710298187694'}}]}]}
2018-03-30 13:52:36,139 :: INFO :: USER DETAIL: {'error': {'code': 2018001, 'type': 'OAuthException', 'message': '(#2018001) No matching user: No matching user found', 'fbtrace_id': 'FJ/8C3ozlIO'}}
2018-03-30 13:52:36,281 :: INFO :: STATUS CODE - TYPING BUBBLE: 400 - {"error":{"message":"(#551) This person isn't available right now.","type":"OAuthException","code":551,"error_subcode":1545041,"fbtrace_id":"BOJsdD+Uprm"}}
2018-03-30 13:52:37,593 :: INFO :: STATUS CODE - MSG: 400 - {"error":{"message":"(#551) This person isn't available right now.","type":"OAuthException","code":551,"error_subcode":1545041,"fbtrace_id":"Bde0nCWMfDS"}}
2018-03-30 13:52:47,462 :: INFO :: DATA: {'object': 'page', 'entry': [{'id': '301036963725724', 'time': 1522417967027, 'messaging': [{'recipient': {'id': '301036963725724'}, 'timestamp': 1522359991730, 'message': {'text': 'ahah trop drôle', 'seq': 1553249, 'mid': 'mid.$cAAERyp6dTPJopP9Fslic7n9a3JUe'}, 'sender': {'id': '1339786812797881'}}]}]}
2018-03-30 13:52:47,573 :: INFO :: USER DETAIL: {'error': {'code': 2018001, 'type': 'OAuthException', 'message': '(#2018001) No matching user: No matching user found', 'fbtrace_id': 'HoFepaSgZMv'}}
2018-03-30 13:52:47,678 :: INFO :: STATUS CODE - TYPING BUBBLE: 400 - {"error":{"message":"(#551) This person isn't available right now.","type":"OAuthException","code":551,"error_subcode":1545041,"fbtrace_id":"HRVRcxtpdfj"}}
2018-03-30 13:52:49,884 :: INFO :: STATUS CODE - MSG: 400 - {"error":{"message":"(#551) This person isn't available right now.","type":"OAuthException","code":551,"error_subcode":1545041,"fbtrace_id":"BhtQ0c9+97c"}}
2018-03-30 13:53:16,932 :: INFO :: DATA: {'object': 'page', 'entry': [{'id': '301036963725724', 'time': 1522417996495, 'messaging': [{'recipient': {'id': '301036963725724'}, 'timestamp': 1522409946955, 'message': {'text': "je veux un film d'action des années 1990", 'seq': 518223, 'mid': 'mid.$cAAFLOdAkFTNop_mHS1idrRBvmZUP'}, 'sender': {'id': '1518498408229929'}}]}]}
2018-03-30 13:53:17,081 :: INFO :: USER DETAIL: {'id': '1518498408229929', 'locale': 'fr_FR', 'first_name': 'Charles', 'last_name': 'Jacquet', 'gender': 'male', 'profile_pic': 'https://lookaside.facebook.com/platform/profilepic/?psid=1518498408229929&width=1024&ext=1522677197&hash=AeRF7eZoHf1xkaxL'}
2018-03-30 13:53:43,897 :: INFO :: DATA: {'object': 'page', 'entry': [{'id': '301036963725724', 'time': 1522418023465, 'messaging': [{'recipient': {'id': '301036963725724'}, 'timestamp': 1522409047870, 'message': {'text': 'Art', 'seq': 590914, 'mid': 'mid.$cAAFLOeWthyRop-vPPlidqaHBqzVn'}, 'sender': {'id': '1680982418636079'}}]}]}
2018-03-30 13:53:44,012 :: INFO :: USER DETAIL: {'error': {'code': 2018001, 'type': 'OAuthException', 'message': '(#2018001) No matching user: No matching user found', 'fbtrace_id': 'Ek3lm3LQFcb'}}
2018-03-30 13:53:44,130 :: INFO :: STATUS CODE - TYPING BUBBLE: 400 - {"error":{"message":"(#551) This person isn't available right now.","type":"OAuthException","code":551,"error_subcode":1545041,"fbtrace_id":"DUYUhZvPJqB"}}
2018-03-30 13:53:45,308 :: INFO :: STATUS CODE - MSG: 400 - {"error":{"message":"(#551) This person isn't available right now.","type":"OAuthException","code":551,"error_subcode":1545041,"fbtrace_id":"AiMDlc8yrgG"}}
2018-03-30 13:54:04,603 :: INFO :: DATA: {'object': 'page', 'entry': [{'id': '301036963725724', 'time': 1522418044168, 'messaging': [{'recipient': {'id': '301036963725724'}, 'timestamp': 1522409429753, 'message': {'text': 'Je veux voir un film d’action des années 1990', 'seq': 822104, 'mid': 'mid.$cAAFLPsP3AvFop_Gi-VidqxaNzrcL'}, 'sender': {'id': '1552710298187694'}}]}]}
2018-03-30 13:54:04,726 :: INFO :: USER DETAIL: {'error': {'code': 2018001, 'type': 'OAuthException', 'message': '(#2018001) No matching user: No matching user found', 'fbtrace_id': 'GJRvMUDXj5E'}}
2018-03-30 13:54:04,835 :: INFO :: STATUS CODE - TYPING BUBBLE: 400 - {"error":{"message":"(#551) This person isn't available right now.","type":"OAuthException","code":551,"error_subcode":1545041,"fbtrace_id":"CwAUv5wQZCE"}}
2018-03-30 13:54:04,974 :: INFO :: DATA: {'object': 'page', 'entry': [{'id': '301036963725724', 'time': 1522418044536, 'messaging': [{'recipient': {'id': '301036963725724'}, 'timestamp': 1522359991730, 'message': {'text': 'ahah trop drôle', 'seq': 1553249, 'mid': 'mid.$cAAERyp6dTPJopP9Fslic7n9a3JUe'}, 'sender': {'id': '1339786812797881'}}]}]}
2018-03-30 13:54:05,083 :: INFO :: USER DETAIL: {'error': {'code': 2018001, 'type': 'OAuthException', 'message': '(#2018001) No matching user: No matching user found', 'fbtrace_id': 'B0xV2Ar6huS'}}
2018-03-30 13:54:05,190 :: INFO :: STATUS CODE - TYPING BUBBLE: 400 - {"error":{"message":"(#551) This person isn't available right now.","type":"OAuthException","code":551,"error_subcode":1545041,"fbtrace_id":"Coe\/fypXWVp"}}
2018-03-30 13:54:06,176 :: INFO :: STATUS CODE - MSG: 400 - {"error":{"message":"(#551) This person isn't available right now.","type":"OAuthException","code":551,"error_subcode":1545041,"fbtrace_id":"DsrGL0mhZYP"}}
2018-03-30 13:54:06,403 :: INFO :: STATUS CODE - MSG: 400 - {"error":{"message":"(#551) This person isn't available right now.","type":"OAuthException","code":551,"error_subcode":1545041,"fbtrace_id":"BqiF0Psg3s\/"}}
2018-03-30 13:54:32,594 :: INFO :: DATA: {'object': 'page', 'entry': [{'id': '301036963725724', 'time': 1522418072025, 'messaging': [{'recipient': {'id': '301036963725724'}, 'timestamp': 1522409946955, 'message': {'text': "je veux un film d'action des années 1990", 'seq': 518223, 'mid': 'mid.$cAAFLOdAkFTNop_mHS1idrRBvmZUP'}, 'sender': {'id': '1518498408229929'}}]}]}
2018-03-30 13:54:32,709 :: INFO :: USER DETAIL: {'id': '1518498408229929', 'locale': 'fr_FR', 'first_name': 'Charles', 'last_name': 'Jacquet', 'gender': 'male', 'profile_pic': 'https://lookaside.facebook.com/platform/profilepic/?psid=1518498408229929&width=1024&ext=1522677272&hash=AeSJ7rG98184VLzr'}
2018-03-30 13:55:11,471 :: INFO :: DATA: {'object': 'page', 'entry': [{'id': '301036963725724', 'time': 1522418110851, 'messaging': [{'recipient': {'id': '301036963725724'}, 'timestamp': 1522409047870, 'message': {'text': 'Art', 'seq': 590914, 'mid': 'mid.$cAAFLOeWthyRop-vPPlidqaHBqzVn'}, 'sender': {'id': '1680982418636079'}}]}]}
2018-03-30 13:55:11,625 :: INFO :: USER DETAIL: {'error': {'code': 2018001, 'type': 'OAuthException', 'message': '(#2018001) No matching user: No matching user found', 'fbtrace_id': 'HEZ0hT/E76F'}}
2018-03-30 13:55:11,767 :: INFO :: STATUS CODE - TYPING BUBBLE: 400 - {"error":{"message":"(#551) This person isn't available right now.","type":"OAuthException","code":551,"error_subcode":1545041,"fbtrace_id":"AcpxW4tBk6B"}}
2018-03-30 13:55:12,931 :: INFO :: STATUS CODE - MSG: 400 - {"error":{"message":"(#551) This person isn't available right now.","type":"OAuthException","code":551,"error_subcode":1545041,"fbtrace_id":"GL0a++Eb0OP"}}
2018-03-30 13:55:28,627 :: INFO :: DATA: {'object': 'page', 'entry': [{'id': '301036963725724', 'time': 1522418127996, 'messaging': [{'recipient': {'id': '301036963725724'}, 'timestamp': 1522409429753, 'message': {'text': 'Je veux voir un film d’action des années 1990', 'seq': 822104, 'mid': 'mid.$cAAFLPsP3AvFop_Gi-VidqxaNzrcL'}, 'sender': {'id': '1552710298187694'}}]}]}
2018-03-30 13:55:28,775 :: INFO :: USER DETAIL: {'error': {'code': 2018001, 'type': 'OAuthException', 'message': '(#2018001) No matching user: No matching user found', 'fbtrace_id': 'G1VpiQ+ZnN6'}}
2018-03-30 13:55:28,922 :: INFO :: STATUS CODE - TYPING BUBBLE: 400 - {"error":{"message":"(#551) This person isn't available right now.","type":"OAuthException","code":551,"error_subcode":1545041,"fbtrace_id":"FGzSMHzJFlp"}}
2018-03-30 13:55:30,303 :: INFO :: STATUS CODE - MSG: 400 - {"error":{"message":"(#551) This person isn't available right now.","type":"OAuthException","code":551,"error_subcode":1545041,"fbtrace_id":"FLHb8pt7Pmb"}}
2018-03-30 13:55:33,261 :: INFO :: DATA: {'object': 'page', 'entry': [{'id': '301036963725724', 'time': 1522418132818, 'messaging': [{'recipient': {'id': '301036963725724'}, 'timestamp': 1522359991730, 'message': {'text': 'ahah trop drôle', 'seq': 1553249, 'mid': 'mid.$cAAERyp6dTPJopP9Fslic7n9a3JUe'}, 'sender': {'id': '1339786812797881'}}]}]}
2018-03-30 13:55:33,406 :: INFO :: USER DETAIL: {'error': {'code': 2018001, 'type': 'OAuthException', 'message': '(#2018001) No matching user: No matching user found', 'fbtrace_id': 'Dih9uW6Fpus'}}
2018-03-30 13:55:33,547 :: INFO :: STATUS CODE - TYPING BUBBLE: 400 - {"error":{"message":"(#551) This person isn't available right now.","type":"OAuthException","code":551,"error_subcode":1545041,"fbtrace_id":"Gwz1pbPBDiq"}}
2018-03-30 13:55:34,823 :: INFO :: STATUS CODE - MSG: 400 - {"error":{"message":"(#551) This person isn't available right now.","type":"OAuthException","code":551,"error_subcode":1545041,"fbtrace_id":"Clqe45UNXEZ"}}
2018-03-30 13:56:00,680 :: INFO :: DATA: {'object': 'page', 'entry': [{'id': '301036963725724', 'time': 1522418160049, 'messaging': [{'recipient': {'id': '301036963725724'}, 'timestamp': 1522409946955, 'message': {'text': "je veux un film d'action des années 1990", 'seq': 518223, 'mid': 'mid.$cAAFLOdAkFTNop_mHS1idrRBvmZUP'}, 'sender': {'id': '1518498408229929'}}]}]}
2018-03-30 13:56:00,826 :: INFO :: USER DETAIL: {'id': '1518498408229929', 'locale': 'fr_FR', 'first_name': 'Charles', 'last_name': 'Jacquet', 'gender': 'male', 'profile_pic': 'https://lookaside.facebook.com/platform/profilepic/?psid=1518498408229929&width=1024&ext=1522677360&hash=AeQ--b2krnkW-6NN'}
2018-03-30 13:56:30,307 :: INFO :: DATA: {'object': 'page', 'entry': [{'id': '301036963725724', 'time': 1522418189874, 'messaging': [{'recipient': {'id': '301036963725724'}, 'timestamp': 1522409047870, 'message': {'text': 'Art', 'seq': 590914, 'mid': 'mid.$cAAFLOeWthyRop-vPPlidqaHBqzVn'}, 'sender': {'id': '1680982418636079'}}]}]}
2018-03-30 13:56:30,431 :: INFO :: USER DETAIL: {'error': {'code': 2018001, 'type': 'OAuthException', 'message': '(#2018001) No matching user: No matching user found', 'fbtrace_id': 'C5h+QoQSpFc'}}
2018-03-30 13:56:30,538 :: INFO :: STATUS CODE - TYPING BUBBLE: 400 - {"error":{"message":"(#551) This person isn't available right now.","type":"OAuthException","code":551,"error_subcode":1545041,"fbtrace_id":"Faw36ikAYCf"}}
2018-03-30 13:56:31,665 :: INFO :: STATUS CODE - MSG: 400 - {"error":{"message":"(#551) This person isn't available right now.","type":"OAuthException","code":551,"error_subcode":1545041,"fbtrace_id":"GGMEHRW1X0P"}}
2018-03-30 13:56:48,034 :: INFO :: DATA: {'object': 'page', 'entry': [{'id': '301036963725724', 'time': 1522418207394, 'messaging': [{'recipient': {'id': '301036963725724'}, 'timestamp': 1522409429753, 'message': {'text': 'Je veux voir un film d’action des années 1990', 'seq': 822104, 'mid': 'mid.$cAAFLPsP3AvFop_Gi-VidqxaNzrcL'}, 'sender': {'id': '1552710298187694'}}]}]}
2018-03-30 13:56:48,149 :: INFO :: USER DETAIL: {'error': {'code': 2018001, 'type': 'OAuthException', 'message': '(#2018001) No matching user: No matching user found', 'fbtrace_id': 'AwxbvLz8lfR'}}
2018-03-30 13:56:48,254 :: INFO :: STATUS CODE - TYPING BUBBLE: 400 - {"error":{"message":"(#551) This person isn't available right now.","type":"OAuthException","code":551,"error_subcode":1545041,"fbtrace_id":"EK5iPxwNKdg"}}
2018-03-30 13:56:49,591 :: INFO :: STATUS CODE - MSG: 400 - {"error":{"message":"(#551) This person isn't available right now.","type":"OAuthException","code":551,"error_subcode":1545041,"fbtrace_id":"ADKWa4zKjQE"}}
2018-03-30 13:57:01,072 :: INFO :: DATA: {'object': 'page', 'entry': [{'id': '301036963725724', 'time': 1522418220430, 'messaging': [{'recipient': {'id': '301036963725724'}, 'timestamp': 1522359991730, 'message': {'text': 'ahah trop drôle', 'seq': 1553249, 'mid': 'mid.$cAAERyp6dTPJopP9Fslic7n9a3JUe'}, 'sender': {'id': '1339786812797881'}}]}]}
2018-03-30 13:57:01,204 :: INFO :: USER DETAIL: {'error': {'code': 2018001, 'type': 'OAuthException', 'message': '(#2018001) No matching user: No matching user found', 'fbtrace_id': 'DTh9BfTdtT4'}}
2018-03-30 13:57:01,314 :: INFO :: STATUS CODE - TYPING BUBBLE: 400 - {"error":{"message":"(#551) This person isn't available right now.","type":"OAuthException","code":551,"error_subcode":1545041,"fbtrace_id":"BlDHHru3UPV"}}
2018-03-30 13:57:02,520 :: INFO :: STATUS CODE - MSG: 400 - {"error":{"message":"(#551) This person isn't available right now.","type":"OAuthException","code":551,"error_subcode":1545041,"fbtrace_id":"DeCZqCP\/7wO"}}
2018-03-30 13:57:20,905 :: INFO :: DATA: {'object': 'page', 'entry': [{'id': '301036963725724', 'time': 1522418240460, 'messaging': [{'recipient': {'id': '301036963725724'}, 'timestamp': 1522409946955, 'message': {'text': "je veux un film d'action des années 1990", 'seq': 518223, 'mid': 'mid.$cAAFLOdAkFTNop_mHS1idrRBvmZUP'}, 'sender': {'id': '1518498408229929'}}]}]}
2018-03-30 13:57:21,058 :: INFO :: USER DETAIL: {'id': '1518498408229929', 'locale': 'fr_FR', 'first_name': 'Charles', 'last_name': 'Jacquet', 'gender': 'male', 'profile_pic': 'https://lookaside.facebook.com/platform/profilepic/?psid=1518498408229929&width=1024&ext=1522677441&hash=AeRHBtylt7c59aqJ'}
2018-03-30 13:58:26,204 :: INFO :: DATA: {'object': 'page', 'entry': [{'messaging': [{'timestamp': 1522359991730, 'recipient': {'id': '301036963725724'}, 'sender': {'id': '1339786812797881'}, 'message': {'text': 'ahah trop drôle', 'seq': 1553249, 'mid': 'mid.$cAAERyp6dTPJopP9Fslic7n9a3JUe'}}], 'id': '301036963725724', 'time': 1522418306551}]}
2018-03-30 13:58:26,620 :: INFO :: USER DETAIL: {'error': {'fbtrace_id': 'CKTYnC0eb34', 'message': '(#2018001) No matching user: No matching user found', 'code': 2018001, 'type': 'OAuthException'}}
2018-03-30 13:58:26,727 :: INFO :: STATUS CODE - TYPING BUBBLE: 400 - {"error":{"message":"(#551) This person isn't available right now.","type":"OAuthException","code":551,"error_subcode":1545041,"fbtrace_id":"BWXDti+HZvh"}}
2018-03-30 13:58:27,994 :: INFO :: STATUS CODE - MSG: 400 - {"error":{"message":"(#551) This person isn't available right now.","type":"OAuthException","code":551,"error_subcode":1545041,"fbtrace_id":"H0yvd8KeC6c"}}
2018-03-30 13:58:42,548 :: INFO :: DATA: {'object': 'page', 'entry': [{'messaging': [{'timestamp': 1522409946955, 'recipient': {'id': '301036963725724'}, 'sender': {'id': '1518498408229929'}, 'message': {'text': "je veux un film d'action des années 1990", 'seq': 518223, 'mid': 'mid.$cAAFLOdAkFTNop_mHS1idrRBvmZUP'}}], 'id': '301036963725724', 'time': 1522418322981}]}
2018-03-30 13:58:42,693 :: INFO :: USER DETAIL: {'first_name': 'Charles', 'gender': 'male', 'last_name': 'Jacquet', 'locale': 'fr_FR', 'profile_pic': 'https://lookaside.facebook.com/platform/profilepic/?psid=1518498408229929&width=1024&ext=1522677523&hash=AeRIl0z_pEaMDYjV', 'id': '1518498408229929'}
2018-03-30 13:59:16,414 :: INFO :: DATA: {'object': 'page', 'entry': [{'messaging': [{'timestamp': 1522409047870, 'recipient': {'id': '301036963725724'}, 'sender': {'id': '1680982418636079'}, 'message': {'text': 'Art', 'seq': 590914, 'mid': 'mid.$cAAFLOeWthyRop-vPPlidqaHBqzVn'}}], 'id': '301036963725724', 'time': 1522418355848}]}
2018-03-30 13:59:16,580 :: INFO :: USER DETAIL: {'error': {'fbtrace_id': 'ElvqBady0q3', 'message': '(#2018001) No matching user: No matching user found', 'code': 2018001, 'type': 'OAuthException'}}
2018-03-30 13:59:16,722 :: INFO :: STATUS CODE - TYPING BUBBLE: 400 - {"error":{"message":"(#551) This person isn't available right now.","type":"OAuthException","code":551,"error_subcode":1545041,"fbtrace_id":"CGb+jcoEnE2"}}
2018-03-30 13:59:18,461 :: INFO :: STATUS CODE - MSG: 400 - {"error":{"message":"(#551) This person isn't available right now.","type":"OAuthException","code":551,"error_subcode":1545041,"fbtrace_id":"AEwc1pBpZYW"}}
2018-03-30 13:59:39,406 :: INFO :: DATA: {'object': 'page', 'entry': [{'messaging': [{'timestamp': 1522409429753, 'recipient': {'id': '301036963725724'}, 'sender': {'id': '1552710298187694'}, 'message': {'text': 'Je veux voir un film d’action des années 1990', 'seq': 822104, 'mid': 'mid.$cAAFLPsP3AvFop_Gi-VidqxaNzrcL'}}], 'id': '301036963725724', 'time': 1522418378571}]}
2018-03-30 13:59:39,516 :: INFO :: USER DETAIL: {'error': {'fbtrace_id': 'BGnx4m0INTh', 'message': '(#2018001) No matching user: No matching user found', 'code': 2018001, 'type': 'OAuthException'}}
2018-03-30 13:59:39,622 :: INFO :: STATUS CODE - TYPING BUBBLE: 400 - {"error":{"message":"(#551) This person isn't available right now.","type":"OAuthException","code":551,"error_subcode":1545041,"fbtrace_id":"Ewtezh75q0J"}}
2018-03-30 13:59:40,928 :: INFO :: STATUS CODE - MSG: 400 - {"error":{"message":"(#551) This person isn't available right now.","type":"OAuthException","code":551,"error_subcode":1545041,"fbtrace_id":"G+\/Nyi8iIYi"}}
2018-03-30 13:59:48,041 :: INFO :: DATA: {'object': 'page', 'entry': [{'messaging': [{'timestamp': 1522359991730, 'recipient': {'id': '301036963725724'}, 'sender': {'id': '1339786812797881'}, 'message': {'text': 'ahah trop drôle', 'seq': 1553249, 'mid': 'mid.$cAAERyp6dTPJopP9Fslic7n9a3JUe'}}], 'id': '301036963725724', 'time': 1522418387605}]}
2018-03-30 13:59:48,188 :: INFO :: USER DETAIL: {'error': {'fbtrace_id': 'CSHLZY/gxH0', 'message': '(#2018001) No matching user: No matching user found', 'code': 2018001, 'type': 'OAuthException'}}
2018-03-30 13:59:48,293 :: INFO :: STATUS CODE - TYPING BUBBLE: 400 - {"error":{"message":"(#551) This person isn't available right now.","type":"OAuthException","code":551,"error_subcode":1545041,"fbtrace_id":"FldO2IavHC4"}}
2018-03-30 13:59:49,502 :: INFO :: STATUS CODE - MSG: 400 - {"error":{"message":"(#551) This person isn't available right now.","type":"OAuthException","code":551,"error_subcode":1545041,"fbtrace_id":"Ea2BC8x\/PYZ"}}
2018-03-30 14:00:03,371 :: INFO :: DATA: {'object': 'page', 'entry': [{'messaging': [{'timestamp': 1522409946955, 'recipient': {'id': '301036963725724'}, 'sender': {'id': '1518498408229929'}, 'message': {'text': "je veux un film d'action des années 1990", 'seq': 518223, 'mid': 'mid.$cAAFLOdAkFTNop_mHS1idrRBvmZUP'}}], 'id': '301036963725724', 'time': 1522418402529}]}
2018-03-30 14:00:03,488 :: INFO :: USER DETAIL: {'first_name': 'Charles', 'gender': 'male', 'last_name': 'Jacquet', 'locale': 'fr_FR', 'profile_pic': 'https://lookaside.facebook.com/platform/profilepic/?psid=1518498408229929&width=1024&ext=1522677603&hash=AeR2kuKJ8_ZJuLMU', 'id': '1518498408229929'}
2018-03-30 14:00:33,518 :: INFO :: DATA: {'object': 'page', 'entry': [{'messaging': [{'timestamp': 1522409047870, 'recipient': {'id': '301036963725724'}, 'sender': {'id': '1680982418636079'}, 'message': {'text': 'Art', 'seq': 590914, 'mid': 'mid.$cAAFLOeWthyRop-vPPlidqaHBqzVn'}}], 'id': '301036963725724', 'time': 1522418433075}]}
2018-03-30 14:00:33,633 :: INFO :: USER DETAIL: {'error': {'fbtrace_id': 'Cuvq0dti2t7', 'message': '(#2018001) No matching user: No matching user found', 'code': 2018001, 'type': 'OAuthException'}}
2018-03-30 14:00:33,738 :: INFO :: STATUS CODE - TYPING BUBBLE: 400 - {"error":{"message":"(#551) This person isn't available right now.","type":"OAuthException","code":551,"error_subcode":1545041,"fbtrace_id":"AbYKo3sSo6u"}}
2018-03-30 14:00:34,877 :: INFO :: STATUS CODE - MSG: 400 - {"error":{"message":"(#551) This person isn't available right now.","type":"OAuthException","code":551,"error_subcode":1545041,"fbtrace_id":"HbYM8ZTHLmd"}}
2018-03-30 14:00:59,256 :: INFO :: DATA: {'object': 'page', 'entry': [{'messaging': [{'timestamp': 1522409429753, 'recipient': {'id': '301036963725724'}, 'sender': {'id': '1552710298187694'}, 'message': {'text': 'Je veux voir un film d’action des années 1990', 'seq': 822104, 'mid': 'mid.$cAAFLPsP3AvFop_Gi-VidqxaNzrcL'}}], 'id': '301036963725724', 'time': 1522418458828}]}
2018-03-30 14:00:59,401 :: INFO :: USER DETAIL: {'error': {'fbtrace_id': 'DYa6aj517bf', 'message': '(#2018001) No matching user: No matching user found', 'code': 2018001, 'type': 'OAuthException'}}
2018-03-30 14:00:59,537 :: INFO :: STATUS CODE - TYPING BUBBLE: 400 - {"error":{"message":"(#551) This person isn't available right now.","type":"OAuthException","code":551,"error_subcode":1545041,"fbtrace_id":"GprXKHfz1JM"}}
2018-03-30 14:01:00,888 :: INFO :: STATUS CODE - MSG: 400 - {"error":{"message":"(#551) This person isn't available right now.","type":"OAuthException","code":551,"error_subcode":1545041,"fbtrace_id":"CuYsYQdYii\/"}}
2018-03-30 14:01:12,611 :: INFO :: DATA: {'object': 'page', 'entry': [{'messaging': [{'timestamp': 1522359991730, 'recipient': {'id': '301036963725724'}, 'sender': {'id': '1339786812797881'}, 'message': {'text': 'ahah trop drôle', 'seq': 1553249, 'mid': 'mid.$cAAERyp6dTPJopP9Fslic7n9a3JUe'}}], 'id': '301036963725724', 'time': 1522418472033}]}
2018-03-30 14:01:12,757 :: INFO :: USER DETAIL: {'error': {'fbtrace_id': 'F8hxlPy5g1Y', 'message': '(#2018001) No matching user: No matching user found', 'code': 2018001, 'type': 'OAuthException'}}
2018-03-30 14:01:12,894 :: INFO :: STATUS CODE - TYPING BUBBLE: 400 - {"error":{"message":"(#551) This person isn't available right now.","type":"OAuthException","code":551,"error_subcode":1545041,"fbtrace_id":"HAFBMdLWKjd"}}
2018-03-30 14:01:14,168 :: INFO :: STATUS CODE - MSG: 400 - {"error":{"message":"(#551) This person isn't available right now.","type":"OAuthException","code":551,"error_subcode":1545041,"fbtrace_id":"HqGN1ir3m8R"}}
2018-03-30 14:01:21,150 :: INFO :: DATA: {'object': 'page', 'entry': [{'messaging': [{'timestamp': 1522409946955, 'recipient': {'id': '301036963725724'}, 'sender': {'id': '1518498408229929'}, 'message': {'text': "je veux un film d'action des années 1990", 'seq': 518223, 'mid': 'mid.$cAAFLOdAkFTNop_mHS1idrRBvmZUP'}}], 'id': '301036963725724', 'time': 1522418480710}]}
2018-03-30 14:01:21,314 :: INFO :: USER DETAIL: {'first_name': 'Charles', 'gender': 'male', 'last_name': 'Jacquet', 'locale': 'fr_FR', 'profile_pic': 'https://lookaside.facebook.com/platform/profilepic/?psid=1518498408229929&width=1024&ext=1522677681&hash=AeRNmffJtCvjDMOc', 'id': '1518498408229929'}
2018-03-30 14:01:53,846 :: INFO :: DATA: {'object': 'page', 'entry': [{'messaging': [{'timestamp': 1522409047870, 'recipient': {'id': '301036963725724'}, 'sender': {'id': '1680982418636079'}, 'message': {'text': 'Art', 'seq': 590914, 'mid': 'mid.$cAAFLOeWthyRop-vPPlidqaHBqzVn'}}], 'id': '301036963725724', 'time': 1522418513415}]}
2018-03-30 14:01:54,001 :: INFO :: USER DETAIL: {'error': {'fbtrace_id': 'EXjoK1qhdLA', 'message': '(#2018001) No matching user: No matching user found', 'code': 2018001, 'type': 'OAuthException'}}
2018-03-30 14:01:54,142 :: INFO :: STATUS CODE - TYPING BUBBLE: 400 - {"error":{"message":"(#551) This person isn't available right now.","type":"OAuthException","code":551,"error_subcode":1545041,"fbtrace_id":"CBZ0gSZQ9yk"}}
2018-03-30 14:01:55,320 :: INFO :: STATUS CODE - MSG: 400 - {"error":{"message":"(#551) This person isn't available right now.","type":"OAuthException","code":551,"error_subcode":1545041,"fbtrace_id":"GpGLJOkGStc"}}
2018-03-30 14:02:19,994 :: INFO :: DATA: {'object': 'page', 'entry': [{'messaging': [{'timestamp': 1522409429753, 'recipient': {'id': '301036963725724'}, 'sender': {'id': '1552710298187694'}, 'message': {'text': 'Je veux voir un film d’action des années 1990', 'seq': 822104, 'mid': 'mid.$cAAFLPsP3AvFop_Gi-VidqxaNzrcL'}}], 'id': '301036963725724', 'time': 1522418539562}]}
2018-03-30 14:02:20,160 :: INFO :: USER DETAIL: {'error': {'fbtrace_id': 'DImANCLG4Dv', 'message': '(#2018001) No matching user: No matching user found', 'code': 2018001, 'type': 'OAuthException'}}
2018-03-30 14:02:20,299 :: INFO :: STATUS CODE - TYPING BUBBLE: 400 - {"error":{"message":"(#551) This person isn't available right now.","type":"OAuthException","code":551,"error_subcode":1545041,"fbtrace_id":"CIH96+XEhRY"}}
2018-03-30 14:02:21,697 :: INFO :: STATUS CODE - MSG: 400 - {"error":{"message":"(#551) This person isn't available right now.","type":"OAuthException","code":551,"error_subcode":1545041,"fbtrace_id":"HOM93XlmyJB"}}
2018-03-30 14:02:30,943 :: INFO :: DATA: {'object': 'page', 'entry': [{'messaging': [{'timestamp': 1522359991730, 'recipient': {'id': '301036963725724'}, 'sender': {'id': '1339786812797881'}, 'message': {'text': 'ahah trop drôle', 'seq': 1553249, 'mid': 'mid.$cAAERyp6dTPJopP9Fslic7n9a3JUe'}}], 'id': '301036963725724', 'time': 1522418550390}]}
2018-03-30 14:02:31,085 :: INFO :: USER DETAIL: {'error': {'fbtrace_id': 'HRuFdRhejYz', 'message': '(#2018001) No matching user: No matching user found', 'code': 2018001, 'type': 'OAuthException'}}
2018-03-30 14:02:31,223 :: INFO :: STATUS CODE - TYPING BUBBLE: 400 - {"error":{"message":"(#551) This person isn't available right now.","type":"OAuthException","code":551,"error_subcode":1545041,"fbtrace_id":"A6666JDuI34"}}
2018-03-30 14:02:32,459 :: INFO :: STATUS CODE - MSG: 400 - {"error":{"message":"(#551) This person isn't available right now.","type":"OAuthException","code":551,"error_subcode":1545041,"fbtrace_id":"CrTgQ+g\/7FR"}}
2018-03-30 14:02:39,195 :: INFO :: DATA: {'object': 'page', 'entry': [{'messaging': [{'timestamp': 1522409946955, 'recipient': {'id': '301036963725724'}, 'sender': {'id': '1518498408229929'}, 'message': {'text': "je veux un film d'action des années 1990", 'seq': 518223, 'mid': 'mid.$cAAFLOdAkFTNop_mHS1idrRBvmZUP'}}], 'id': '301036963725724', 'time': 1522418558584}]}
2018-03-30 14:02:39,310 :: INFO :: USER DETAIL: {'first_name': 'Charles', 'gender': 'male', 'last_name': 'Jacquet', 'locale': 'fr_FR', 'profile_pic': 'https://lookaside.facebook.com/platform/profilepic/?psid=1518498408229929&width=1024&ext=1522677759&hash=AeRD-7Z00fmbom-O', 'id': '1518498408229929'}
2018-03-30 14:03:14,295 :: INFO :: DATA: {'object': 'page', 'entry': [{'messaging': [{'timestamp': 1522409047870, 'recipient': {'id': '301036963725724'}, 'sender': {'id': '1680982418636079'}, 'message': {'text': 'Art', 'seq': 590914, 'mid': 'mid.$cAAFLOeWthyRop-vPPlidqaHBqzVn'}}], 'id': '301036963725724', 'time': 1522418593869}]}
2018-03-30 14:03:14,440 :: INFO :: USER DETAIL: {'error': {'fbtrace_id': 'DSCybbTFc71', 'message': '(#2018001) No matching user: No matching user found', 'code': 2018001, 'type': 'OAuthException'}}
2018-03-30 14:03:14,549 :: INFO :: STATUS CODE - TYPING BUBBLE: 400 - {"error":{"message":"(#551) This person isn't available right now.","type":"OAuthException","code":551,"error_subcode":1545041,"fbtrace_id":"AMn\/hOLmogD"}}
2018-03-30 14:03:15,728 :: INFO :: STATUS CODE - MSG: 400 - {"error":{"message":"(#551) This person isn't available right now.","type":"OAuthException","code":551,"error_subcode":1545041,"fbtrace_id":"DsWkH4H08La"}}
2018-03-30 14:03:43,347 :: INFO :: DATA: {'object': 'page', 'entry': [{'messaging': [{'timestamp': 1522409429753, 'recipient': {'id': '301036963725724'}, 'sender': {'id': '1552710298187694'}, 'message': {'text': 'Je veux voir un film d’action des années 1990', 'seq': 822104, 'mid': 'mid.$cAAFLPsP3AvFop_Gi-VidqxaNzrcL'}}], 'id': '301036963725724', 'time': 1522418622738}]}
2018-03-30 14:03:43,476 :: INFO :: USER DETAIL: {'error': {'fbtrace_id': 'CSwcCMQztId', 'message': '(#2018001) No matching user: No matching user found', 'code': 2018001, 'type': 'OAuthException'}}
2018-03-30 14:03:43,585 :: INFO :: STATUS CODE - TYPING BUBBLE: 400 - {"error":{"message":"(#551) This person isn't available right now.","type":"OAuthException","code":551,"error_subcode":1545041,"fbtrace_id":"FgbAy8S6wz4"}}
2018-03-30 14:03:44,832 :: INFO :: DATA: {'object': 'page', 'entry': [{'messaging': [{'timestamp': 1522359991730, 'recipient': {'id': '301036963725724'}, 'sender': {'id': '1339786812797881'}, 'message': {'text': 'ahah trop drôle', 'seq': 1553249, 'mid': 'mid.$cAAERyp6dTPJopP9Fslic7n9a3JUe'}}], 'id': '301036963725724', 'time': 1522418623994}]}
2018-03-30 14:03:44,927 :: INFO :: STATUS CODE - MSG: 400 - {"error":{"message":"(#551) This person isn't available right now.","type":"OAuthException","code":551,"error_subcode":1545041,"fbtrace_id":"BJXl4pzUZAC"}}
2018-03-30 14:03:44,981 :: INFO :: USER DETAIL: {'error': {'fbtrace_id': 'ByJjk+Pa1eb', 'message': '(#2018001) No matching user: No matching user found', 'code': 2018001, 'type': 'OAuthException'}}
2018-03-30 14:03:45,093 :: INFO :: STATUS CODE - TYPING BUBBLE: 400 - {"error":{"message":"(#551) This person isn't available right now.","type":"OAuthException","code":551,"error_subcode":1545041,"fbtrace_id":"EYn8Nq2o+2y"}}
2018-03-30 14:03:46,354 :: INFO :: STATUS CODE - MSG: 400 - {"error":{"message":"(#551) This person isn't available right now.","type":"OAuthException","code":551,"error_subcode":1545041,"fbtrace_id":"GK+I+dIVxMr"}}
2018-03-30 14:04:08,325 :: INFO :: DATA: {'object': 'page', 'entry': [{'messaging': [{'timestamp': 1522409946955, 'recipient': {'id': '301036963725724'}, 'sender': {'id': '1518498408229929'}, 'message': {'text': "je veux un film d'action des années 1990", 'seq': 518223, 'mid': 'mid.$cAAFLOdAkFTNop_mHS1idrRBvmZUP'}}], 'id': '301036963725724', 'time': 1522418647494}]}
2018-03-30 14:04:08,463 :: INFO :: USER DETAIL: {'first_name': 'Charles', 'gender': 'male', 'last_name': 'Jacquet', 'locale': 'fr_FR', 'profile_pic': 'https://lookaside.facebook.com/platform/profilepic/?psid=1518498408229929&width=1024&ext=1522677848&hash=AeRbqwP8wb8gyrB8', 'id': '1518498408229929'}
2018-03-30 14:04:38,724 :: INFO :: DATA: {'object': 'page', 'entry': [{'messaging': [{'timestamp': 1522409047870, 'recipient': {'id': '301036963725724'}, 'sender': {'id': '1680982418636079'}, 'message': {'text': 'Art', 'seq': 590914, 'mid': 'mid.$cAAFLOeWthyRop-vPPlidqaHBqzVn'}}], 'id': '301036963725724', 'time': 1522418678163}]}
2018-03-30 14:04:38,847 :: INFO :: USER DETAIL: {'error': {'fbtrace_id': 'HJCnOb3dDNe', 'message': '(#2018001) No matching user: No matching user found', 'code': 2018001, 'type': 'OAuthException'}}
2018-03-30 14:04:38,996 :: INFO :: STATUS CODE - TYPING BUBBLE: 400 - {"error":{"message":"(#551) This person isn't available right now.","type":"OAuthException","code":551,"error_subcode":1545041,"fbtrace_id":"D5IpFp9Kqlo"}}
2018-03-30 14:04:40,934 :: INFO :: STATUS CODE - MSG: 400 - {"error":{"message":"(#551) This person isn't available right now.","type":"OAuthException","code":551,"error_subcode":1545041,"fbtrace_id":"D+49gNKRTPP"}}
2018-03-30 14:04:57,815 :: INFO :: DATA: {'object': 'page', 'entry': [{'messaging': [{'timestamp': 1522409429753, 'recipient': {'id': '301036963725724'}, 'sender': {'id': '1552710298187694'}, 'message': {'text': 'Je veux voir un film d’action des années 1990', 'seq': 822104, 'mid': 'mid.$cAAFLPsP3AvFop_Gi-VidqxaNzrcL'}}], 'id': '301036963725724', 'time': 1522418697385}]}
2018-03-30 14:04:57,951 :: INFO :: USER DETAIL: {'error': {'fbtrace_id': 'EMQG2JdrxVj', 'message': '(#2018001) No matching user: No matching user found', 'code': 2018001, 'type': 'OAuthException'}}
2018-03-30 14:04:58,062 :: INFO :: STATUS CODE - TYPING BUBBLE: 400 - {"error":{"message":"(#551) This person isn't available right now.","type":"OAuthException","code":551,"error_subcode":1545041,"fbtrace_id":"GqfjsIVX5tV"}}
2018-03-30 14:04:59,380 :: INFO :: STATUS CODE - MSG: 400 - {"error":{"message":"(#551) This person isn't available right now.","type":"OAuthException","code":551,"error_subcode":1545041,"fbtrace_id":"CJEEickXvD4"}}
2018-03-30 14:05:04,797 :: INFO :: DATA: {'object': 'page', 'entry': [{'messaging': [{'timestamp': 1522359991730, 'recipient': {'id': '301036963725724'}, 'sender': {'id': '1339786812797881'}, 'message': {'text': 'ahah trop drôle', 'seq': 1553249, 'mid': 'mid.$cAAERyp6dTPJopP9Fslic7n9a3JUe'}}], 'id': '301036963725724', 'time': 1522418704163}]}
2018-03-30 14:05:04,922 :: INFO :: USER DETAIL: {'error': {'fbtrace_id': 'DO9I/gjTo6i', 'message': '(#2018001) No matching user: No matching user found', 'code': 2018001, 'type': 'OAuthException'}}
2018-03-30 14:05:05,032 :: INFO :: STATUS CODE - TYPING BUBBLE: 400 - {"error":{"message":"(#551) This person isn't available right now.","type":"OAuthException","code":551,"error_subcode":1545041,"fbtrace_id":"EuN9sKZuA8w"}}
2018-03-30 14:05:06,278 :: INFO :: STATUS CODE - MSG: 400 - {"error":{"message":"(#551) This person isn't available right now.","type":"OAuthException","code":551,"error_subcode":1545041,"fbtrace_id":"HCtTOYx0wCh"}}
2018-03-30 14:05:32,378 :: INFO :: DATA: {'object': 'page', 'entry': [{'messaging': [{'timestamp': 1522409946955, 'recipient': {'id': '301036963725724'}, 'sender': {'id': '1518498408229929'}, 'message': {'text': "je veux un film d'action des années 1990", 'seq': 518223, 'mid': 'mid.$cAAFLOdAkFTNop_mHS1idrRBvmZUP'}}], 'id': '301036963725724', 'time': 1522418731942}]}
2018-03-30 14:05:32,492 :: INFO :: USER DETAIL: {'first_name': 'Charles', 'gender': 'male', 'last_name': 'Jacquet', 'locale': 'fr_FR', 'profile_pic': 'https://lookaside.facebook.com/platform/profilepic/?psid=1518498408229929&width=1024&ext=1522677932&hash=AeSmrel_roUB6qKd', 'id': '1518498408229929'}
2018-03-30 14:05:59,894 :: INFO :: DATA: {'object': 'page', 'entry': [{'messaging': [{'timestamp': 1522409047870, 'recipient': {'id': '301036963725724'}, 'sender': {'id': '1680982418636079'}, 'message': {'text': 'Art', 'seq': 590914, 'mid': 'mid.$cAAFLOeWthyRop-vPPlidqaHBqzVn'}}], 'id': '301036963725724', 'time': 1522418759463}]}
2018-03-30 14:06:00,042 :: INFO :: USER DETAIL: {'error': {'fbtrace_id': 'HC00JrIl32J', 'message': '(#2018001) No matching user: No matching user found', 'code': 2018001, 'type': 'OAuthException'}}
2018-03-30 14:06:00,179 :: INFO :: STATUS CODE - TYPING BUBBLE: 400 - {"error":{"message":"(#551) This person isn't available right now.","type":"OAuthException","code":551,"error_subcode":1545041,"fbtrace_id":"H5T3iPu9OD2"}}
2018-03-30 14:06:01,310 :: INFO :: STATUS CODE - MSG: 400 - {"error":{"message":"(#551) This person isn't available right now.","type":"OAuthException","code":551,"error_subcode":1545041,"fbtrace_id":"C0jAFe1m3hl"}}
2018-03-30 14:06:13,986 :: INFO :: DATA: {'object': 'page', 'entry': [{'messaging': [{'timestamp': 1522409429753, 'recipient': {'id': '301036963725724'}, 'sender': {'id': '1552710298187694'}, 'message': {'text': 'Je veux voir un film d’action des années 1990', 'seq': 822104, 'mid': 'mid.$cAAFLPsP3AvFop_Gi-VidqxaNzrcL'}}], 'id': '301036963725724', 'time': 1522418773340}]}
2018-03-30 14:06:14,130 :: INFO :: USER DETAIL: {'error': {'fbtrace_id': 'EOCaSSeTUE/', 'message': '(#2018001) No matching user: No matching user found', 'code': 2018001, 'type': 'OAuthException'}}
2018-03-30 14:06:14,268 :: INFO :: STATUS CODE - TYPING BUBBLE: 400 - {"error":{"message":"(#551) This person isn't available right now.","type":"OAuthException","code":551,"error_subcode":1545041,"fbtrace_id":"DxM1lvDVSpv"}}
2018-03-30 14:06:15,613 :: INFO :: STATUS CODE - MSG: 400 - {"error":{"message":"(#551) This person isn't available right now.","type":"OAuthException","code":551,"error_subcode":1545041,"fbtrace_id":"B7yMGOozukj"}}
2018-03-30 14:06:30,748 :: INFO :: DATA: {'object': 'page', 'entry': [{'messaging': [{'timestamp': 1522359991730, 'recipient': {'id': '301036963725724'}, 'sender': {'id': '1339786812797881'}, 'message': {'text': 'ahah trop drôle', 'seq': 1553249, 'mid': 'mid.$cAAERyp6dTPJopP9Fslic7n9a3JUe'}}], 'id': '301036963725724', 'time': 1522418790316}]}
2018-03-30 14:06:30,896 :: INFO :: USER DETAIL: {'error': {'fbtrace_id': 'Fdi/3O3DSUt', 'message': '(#2018001) No matching user: No matching user found', 'code': 2018001, 'type': 'OAuthException'}}
2018-03-30 14:06:31,160 :: INFO :: STATUS CODE - TYPING BUBBLE: 400 - {"error":{"message":"(#551) This person isn't available right now.","type":"OAuthException","code":551,"error_subcode":1545041,"fbtrace_id":"BDGl89eSvsb"}}
2018-03-30 14:06:32,427 :: INFO :: STATUS CODE - MSG: 400 - {"error":{"message":"(#551) This person isn't available right now.","type":"OAuthException","code":551,"error_subcode":1545041,"fbtrace_id":"DsH0HWeU10k"}}
2018-03-30 14:06:50,783 :: INFO :: DATA: {'object': 'page', 'entry': [{'messaging': [{'timestamp': 1522409946955, 'recipient': {'id': '301036963725724'}, 'sender': {'id': '1518498408229929'}, 'message': {'text': "je veux un film d'action des années 1990", 'seq': 518223, 'mid': 'mid.$cAAFLOdAkFTNop_mHS1idrRBvmZUP'}}], 'id': '301036963725724', 'time': 1522418809943}]}
2018-03-30 14:06:50,964 :: INFO :: USER DETAIL: {'first_name': 'Charles', 'gender': 'male', 'last_name': 'Jacquet', 'locale': 'fr_FR', 'profile_pic': 'https://lookaside.facebook.com/platform/profilepic/?psid=1518498408229929&width=1024&ext=1522678010&hash=AeQ_HTJYpUPTiHth', 'id': '1518498408229929'}
2018-03-30 14:07:27,547 :: INFO :: DATA: {'object': 'page', 'entry': [{'messaging': [{'timestamp': 1522409047870, 'recipient': {'id': '301036963725724'}, 'sender': {'id': '1680982418636079'}, 'message': {'text': 'Art', 'seq': 590914, 'mid': 'mid.$cAAFLOeWthyRop-vPPlidqaHBqzVn'}}], 'id': '301036963725724', 'time': 1522418846890}]}
2018-03-30 14:07:27,686 :: INFO :: USER DETAIL: {'error': {'fbtrace_id': 'G68xP+NOkyt', 'message': '(#2018001) No matching user: No matching user found', 'code': 2018001, 'type': 'OAuthException'}}
2018-03-30 14:07:27,792 :: INFO :: STATUS CODE - TYPING BUBBLE: 400 - {"error":{"message":"(#551) This person isn't available right now.","type":"OAuthException","code":551,"error_subcode":1545041,"fbtrace_id":"CHBJnWmoJJ9"}}
2018-03-30 14:07:28,947 :: INFO :: STATUS CODE - MSG: 400 - {"error":{"message":"(#551) This person isn't available right now.","type":"OAuthException","code":551,"error_subcode":1545041,"fbtrace_id":"H5mofdCunT6"}}
2018-03-30 14:07:30,222 :: INFO :: DATA: {'object': 'page', 'entry': [{'messaging': [{'timestamp': 1522409429753, 'recipient': {'id': '301036963725724'}, 'sender': {'id': '1552710298187694'}, 'message': {'text': 'Je veux voir un film d’action des années 1990', 'seq': 822104, 'mid': 'mid.$cAAFLPsP3AvFop_Gi-VidqxaNzrcL'}}], 'id': '301036963725724', 'time': 1522418849653}]}
2018-03-30 14:07:30,333 :: INFO :: USER DETAIL: {'error': {'fbtrace_id': 'B+xpZ5NQTI+', 'message': '(#2018001) No matching user: No matching user found', 'code': 2018001, 'type': 'OAuthException'}}
2018-03-30 14:07:30,439 :: INFO :: STATUS CODE - TYPING BUBBLE: 400 - {"error":{"message":"(#551) This person isn't available right now.","type":"OAuthException","code":551,"error_subcode":1545041,"fbtrace_id":"D5p2OyT8c7I"}}
2018-03-30 14:07:31,857 :: INFO :: STATUS CODE - MSG: 400 - {"error":{"message":"(#551) This person isn't available right now.","type":"OAuthException","code":551,"error_subcode":1545041,"fbtrace_id":"Dmgmrlu5o6I"}}
2018-03-30 14:07:46,954 :: INFO :: DATA: {'object': 'page', 'entry': [{'messaging': [{'timestamp': 1522359991730, 'recipient': {'id': '301036963725724'}, 'sender': {'id': '1339786812797881'}, 'message': {'text': 'ahah trop drôle', 'seq': 1553249, 'mid': 'mid.$cAAERyp6dTPJopP9Fslic7n9a3JUe'}}], 'id': '301036963725724', 'time': 1522418866322}]}
2018-03-30 14:07:47,076 :: INFO :: USER DETAIL: {'error': {'fbtrace_id': 'HqVkOo4m0eW', 'message': '(#2018001) No matching user: No matching user found', 'code': 2018001, 'type': 'OAuthException'}}
2018-03-30 14:07:47,387 :: INFO :: STATUS CODE - TYPING BUBBLE: 400 - {"error":{"message":"(#551) This person isn't available right now.","type":"OAuthException","code":551,"error_subcode":1545041,"fbtrace_id":"EsEeWKvQmF4"}}
2018-03-30 14:07:48,600 :: INFO :: STATUS CODE - MSG: 400 - {"error":{"message":"(#551) This person isn't available right now.","type":"OAuthException","code":551,"error_subcode":1545041,"fbtrace_id":"DwjCWYUjUkf"}}
2018-03-30 14:08:16,598 :: INFO :: DATA: {'object': 'page', 'entry': [{'messaging': [{'timestamp': 1522409946955, 'recipient': {'id': '301036963725724'}, 'sender': {'id': '1518498408229929'}, 'message': {'text': "je veux un film d'action des années 1990", 'seq': 518223, 'mid': 'mid.$cAAFLOdAkFTNop_mHS1idrRBvmZUP'}}], 'id': '301036963725724', 'time': 1522418896038}]}
2018-03-30 14:08:16,772 :: INFO :: USER DETAIL: {'first_name': 'Charles', 'gender': 'male', 'last_name': 'Jacquet', 'locale': 'fr_FR', 'profile_pic': 'https://lookaside.facebook.com/platform/profilepic/?psid=1518498408229929&width=1024&ext=1522678096&hash=AeQOPvSIAWPWeKAF', 'id': '1518498408229929'}
2018-03-30 14:09:13,288 :: INFO :: DATA: {'object': 'page', 'entry': [{'messaging': [{'timestamp': 1522359991730, 'recipient': {'id': '301036963725724'}, 'sender': {'id': '1339786812797881'}, 'message': {'text': 'ahah trop drôle', 'seq': 1553249, 'mid': 'mid.$cAAERyp6dTPJopP9Fslic7n9a3JUe'}}], 'id': '301036963725724', 'time': 1522418952700}]}
2018-03-30 14:09:13,407 :: INFO :: USER DETAIL: {'error': {'fbtrace_id': 'DcW+bquGjY0', 'message': '(#2018001) No matching user: No matching user found', 'code': 2018001, 'type': 'OAuthException'}}
2018-03-30 14:09:13,522 :: INFO :: STATUS CODE - TYPING BUBBLE: 400 - {"error":{"message":"(#551) This person isn't available right now.","type":"OAuthException","code":551,"error_subcode":1545041,"fbtrace_id":"EsH\/AAdGzIV"}}
2018-03-30 14:09:14,748 :: INFO :: STATUS CODE - MSG: 400 - {"error":{"message":"(#551) This person isn't available right now.","type":"OAuthException","code":551,"error_subcode":1545041,"fbtrace_id":"FI3tonyj8ja"}}
2018-03-30 14:09:41,504 :: INFO :: DATA: {'object': 'page', 'entry': [{'messaging': [{'timestamp': 1522409946955, 'recipient': {'id': '301036963725724'}, 'sender': {'id': '1518498408229929'}, 'message': {'text': "je veux un film d'action des années 1990", 'seq': 518223, 'mid': 'mid.$cAAFLOdAkFTNop_mHS1idrRBvmZUP'}}], 'id': '301036963725724', 'time': 1522418981069}]}
2018-03-30 14:09:41,620 :: INFO :: USER DETAIL: {'first_name': 'Charles', 'gender': 'male', 'last_name': 'Jacquet', 'locale': 'fr_FR', 'profile_pic': 'https://lookaside.facebook.com/platform/profilepic/?psid=1518498408229929&width=1024&ext=1522678181&hash=AeS6evg309vO6tid', 'id': '1518498408229929'}
2018-03-30 14:10:32,975 :: INFO :: DATA: {'object': 'page', 'entry': [{'messaging': [{'timestamp': 1522359991730, 'recipient': {'id': '301036963725724'}, 'sender': {'id': '1339786812797881'}, 'message': {'text': 'ahah trop drôle', 'seq': 1553249, 'mid': 'mid.$cAAERyp6dTPJopP9Fslic7n9a3JUe'}}], 'id': '301036963725724', 'time': 1522419032537}]}
2018-03-30 14:10:33,120 :: INFO :: USER DETAIL: {'error': {'fbtrace_id': 'Bfi9Br3IeHf', 'message': '(#2018001) No matching user: No matching user found', 'code': 2018001, 'type': 'OAuthException'}}
2018-03-30 14:10:33,232 :: INFO :: STATUS CODE - TYPING BUBBLE: 400 - {"error":{"message":"(#551) This person isn't available right now.","type":"OAuthException","code":551,"error_subcode":1545041,"fbtrace_id":"CTee4ZX\/l7C"}}
2018-03-30 14:10:34,495 :: INFO :: STATUS CODE - MSG: 400 - {"error":{"message":"(#551) This person isn't available right now.","type":"OAuthException","code":551,"error_subcode":1545041,"fbtrace_id":"CKIMGAm2\/NK"}}
2018-03-30 14:10:58,143 :: INFO :: DATA: {'object': 'page', 'entry': [{'messaging': [{'timestamp': 1522409946955, 'recipient': {'id': '301036963725724'}, 'sender': {'id': '1518498408229929'}, 'message': {'text': "je veux un film d'action des années 1990", 'seq': 518223, 'mid': 'mid.$cAAFLOdAkFTNop_mHS1idrRBvmZUP'}}], 'id': '301036963725724', 'time': 1522419057313}]}
2018-03-30 14:10:58,295 :: INFO :: USER DETAIL: {'first_name': 'Charles', 'gender': 'male', 'last_name': 'Jacquet', 'locale': 'fr_FR', 'profile_pic': 'https://lookaside.facebook.com/platform/profilepic/?psid=1518498408229929&width=1024&ext=1522678258&hash=AeS8Y7jD-13kZAcC', 'id': '1518498408229929'}
2018-03-30 14:11:51,478 :: INFO :: DATA: {'object': 'page', 'entry': [{'messaging': [{'timestamp': 1522359991730, 'recipient': {'id': '301036963725724'}, 'sender': {'id': '1339786812797881'}, 'message': {'text': 'ahah trop drôle', 'seq': 1553249, 'mid': 'mid.$cAAERyp6dTPJopP9Fslic7n9a3JUe'}}], 'id': '301036963725724', 'time': 1522419110716}]}
2018-03-30 14:11:51,626 :: INFO :: USER DETAIL: {'error': {'fbtrace_id': 'EQC3/+Cp+MS', 'message': '(#2018001) No matching user: No matching user found', 'code': 2018001, 'type': 'OAuthException'}}
2018-03-30 14:11:51,790 :: INFO :: STATUS CODE - TYPING BUBBLE: 400 - {"error":{"message":"(#551) This person isn't available right now.","type":"OAuthException","code":551,"error_subcode":1545041,"fbtrace_id":"Gs\/k6sLwLiJ"}}
2018-03-30 14:11:53,050 :: INFO :: STATUS CODE - MSG: 400 - {"error":{"message":"(#551) This person isn't available right now.","type":"OAuthException","code":551,"error_subcode":1545041,"fbtrace_id":"AI7xfnRaB0\/"}}
2018-03-30 14:12:23,838 :: INFO :: DATA: {'object': 'page', 'entry': [{'messaging': [{'timestamp': 1522409946955, 'recipient': {'id': '301036963725724'}, 'sender': {'id': '1518498408229929'}, 'message': {'text': "je veux un film d'action des années 1990", 'seq': 518223, 'mid': 'mid.$cAAFLOdAkFTNop_mHS1idrRBvmZUP'}}], 'id': '301036963725724', 'time': 1522419143406}]}
2018-03-30 14:12:24,013 :: INFO :: USER DETAIL: {'first_name': 'Charles', 'gender': 'male', 'last_name': 'Jacquet', 'locale': 'fr_FR', 'profile_pic': 'https://lookaside.facebook.com/platform/profilepic/?psid=1518498408229929&width=1024&ext=1522678343&hash=AeRI9ae5U327bAA-', 'id': '1518498408229929'}
2018-03-30 14:13:18,499 :: INFO :: DATA: {'object': 'page', 'entry': [{'messaging': [{'timestamp': 1522359991730, 'recipient': {'id': '301036963725724'}, 'sender': {'id': '1339786812797881'}, 'message': {'text': 'ahah trop drôle', 'seq': 1553249, 'mid': 'mid.$cAAERyp6dTPJopP9Fslic7n9a3JUe'}}], 'id': '301036963725724', 'time': 1522419197860}]}
2018-03-30 14:13:18,704 :: INFO :: USER DETAIL: {'error': {'fbtrace_id': 'Edbxb5s5CNX', 'message': '(#2018001) No matching user: No matching user found', 'code': 2018001, 'type': 'OAuthException'}}
2018-03-30 14:13:18,886 :: INFO :: STATUS CODE - TYPING BUBBLE: 400 - {"error":{"message":"(#551) This person isn't available right now.","type":"OAuthException","code":551,"error_subcode":1545041,"fbtrace_id":"Asyy3tzRZmg"}}
2018-03-30 14:13:20,166 :: INFO :: STATUS CODE - MSG: 400 - {"error":{"message":"(#551) This person isn't available right now.","type":"OAuthException","code":551,"error_subcode":1545041,"fbtrace_id":"EkWVOHE+ex9"}}
2018-03-30 14:13:39,795 :: INFO :: DATA: {'object': 'page', 'entry': [{'messaging': [{'timestamp': 1522409946955, 'recipient': {'id': '301036963725724'}, 'sender': {'id': '1518498408229929'}, 'message': {'text': "je veux un film d'action des années 1990", 'seq': 518223, 'mid': 'mid.$cAAFLOdAkFTNop_mHS1idrRBvmZUP'}}], 'id': '301036963725724', 'time': 1522419219134}]}
2018-03-30 14:13:39,946 :: INFO :: USER DETAIL: {'first_name': 'Charles', 'gender': 'male', 'last_name': 'Jacquet', 'locale': 'fr_FR', 'profile_pic': 'https://lookaside.facebook.com/platform/profilepic/?psid=1518498408229929&width=1024&ext=1522678419&hash=AeRZ2avK_CppgOV6', 'id': '1518498408229929'}
2018-03-30 14:14:35,262 :: INFO :: DATA: {'object': 'page', 'entry': [{'messaging': [{'message': {'mid': 'mid.$cAAERyp6dTPJopP9Fslic7n9a3JUe', 'seq': 1553249, 'text': 'ahah trop drôle'}, 'timestamp': 1522359991730, 'sender': {'id': '1339786812797881'}, 'recipient': {'id': '301036963725724'}}], 'id': '301036963725724', 'time': 1522419274825}]}
2018-03-30 14:14:35,439 :: INFO :: STATUS CODE - TYPING BUBBLE: 400 - {"error":{"message":"(#551) This person isn't available right now.","type":"OAuthException","code":551,"error_subcode":1545041,"fbtrace_id":"DU8sRxMtCm+"}}
2018-03-30 14:14:37,791 :: INFO :: STATUS CODE - MSG: 400 - {"error":{"message":"(#551) This person isn't available right now.","type":"OAuthException","code":551,"error_subcode":1545041,"fbtrace_id":"H1BCg71wx9h"}}
2018-03-30 14:15:05,661 :: INFO :: DATA: {'object': 'page', 'entry': [{'messaging': [{'message': {'mid': 'mid.$cAAFLOdAkFTNop_mHS1idrRBvmZUP', 'seq': 518223, 'text': "je veux un film d'action des années 1990"}, 'timestamp': 1522409946955, 'sender': {'id': '1518498408229929'}, 'recipient': {'id': '301036963725724'}}], 'id': '301036963725724', 'time': 1522419305017}]}
2018-03-30 14:15:52,308 :: INFO :: DATA: {'object': 'page', 'entry': [{'messaging': [{'message': {'mid': 'mid.$cAAERyp6dTPJopP9Fslic7n9a3JUe', 'seq': 1553249, 'text': 'ahah trop drôle'}, 'timestamp': 1522359991730, 'sender': {'id': '1339786812797881'}, 'recipient': {'id': '301036963725724'}}], 'id': '301036963725724', 'time': 1522419351672}]}
2018-03-30 14:15:52,443 :: INFO :: STATUS CODE - TYPING BUBBLE: 400 - {"error":{"message":"(#551) This person isn't available right now.","type":"OAuthException","code":551,"error_subcode":1545041,"fbtrace_id":"DwAiIvNsmaw"}}
2018-03-30 14:15:53,728 :: INFO :: STATUS CODE - MSG: 400 - {"error":{"message":"(#551) This person isn't available right now.","type":"OAuthException","code":551,"error_subcode":1545041,"fbtrace_id":"Ebga2F80LWd"}}
2018-03-30 14:16:19,585 :: INFO :: DATA: {'object': 'page', 'entry': [{'messaging': [{'message': {'mid': 'mid.$cAAFLOdAkFTNop_mHS1idrRBvmZUP', 'seq': 518223, 'text': "je veux un film d'action des années 1990"}, 'timestamp': 1522409946955, 'sender': {'id': '1518498408229929'}, 'recipient': {'id': '301036963725724'}}], 'id': '301036963725724', 'time': 1522419379021}]}
2018-03-30 14:17:11,380 :: INFO :: DATA: {'object': 'page', 'entry': [{'messaging': [{'message': {'mid': 'mid.$cAAERyp6dTPJopP9Fslic7n9a3JUe', 'seq': 1553249, 'text': 'ahah trop drôle'}, 'timestamp': 1522359991730, 'sender': {'id': '1339786812797881'}, 'recipient': {'id': '301036963725724'}}], 'id': '301036963725724', 'time': 1522419430733}]}
2018-03-30 14:17:11,540 :: INFO :: STATUS CODE - TYPING BUBBLE: 400 - {"error":{"message":"(#551) This person isn't available right now.","type":"OAuthException","code":551,"error_subcode":1545041,"fbtrace_id":"CgKr9E04T34"}}
2018-03-30 14:17:12,795 :: INFO :: STATUS CODE - MSG: 400 - {"error":{"message":"(#551) This person isn't available right now.","type":"OAuthException","code":551,"error_subcode":1545041,"fbtrace_id":"AcqpqLjAqA7"}}
2018-03-30 14:17:46,939 :: INFO :: DATA: {'object': 'page', 'entry': [{'messaging': [{'message': {'mid': 'mid.$cAAFLOdAkFTNop_mHS1idrRBvmZUP', 'seq': 518223, 'text': "je veux un film d'action des années 1990"}, 'timestamp': 1522409946955, 'sender': {'id': '1518498408229929'}, 'recipient': {'id': '301036963725724'}}], 'id': '301036963725724', 'time': 1522419466295}]}
2018-03-30 14:18:34,141 :: INFO :: DATA: {'object': 'page', 'entry': [{'messaging': [{'message': {'mid': 'mid.$cAAERyp6dTPJopP9Fslic7n9a3JUe', 'seq': 1553249, 'text': 'ahah trop drôle'}, 'timestamp': 1522359991730, 'sender': {'id': '1339786812797881'}, 'recipient': {'id': '301036963725724'}}], 'id': '301036963725724', 'time': 1522419513698}]}
2018-03-30 14:18:34,312 :: INFO :: STATUS CODE - TYPING BUBBLE: 400 - {"error":{"message":"(#551) This person isn't available right now.","type":"OAuthException","code":551,"error_subcode":1545041,"fbtrace_id":"H3SGnyVlUuA"}}
2018-03-30 14:18:35,571 :: INFO :: STATUS CODE - MSG: 400 - {"error":{"message":"(#551) This person isn't available right now.","type":"OAuthException","code":551,"error_subcode":1545041,"fbtrace_id":"GJy4ewIahf4"}}
2018-03-30 14:19:02,535 :: INFO :: DATA: {'object': 'page', 'entry': [{'messaging': [{'message': {'mid': 'mid.$cAAFLOdAkFTNop_mHS1idrRBvmZUP', 'seq': 518223, 'text': "je veux un film d'action des années 1990"}, 'timestamp': 1522409946955, 'sender': {'id': '1518498408229929'}, 'recipient': {'id': '301036963725724'}}], 'id': '301036963725724', 'time': 1522419541964}]}
2018-03-30 14:19:55,479 :: INFO :: DATA: {'object': 'page', 'entry': [{'messaging': [{'message': {'mid': 'mid.$cAAERyp6dTPJopP9Fslic7n9a3JUe', 'seq': 1553249, 'text': 'ahah trop drôle'}, 'timestamp': 1522359991730, 'sender': {'id': '1339786812797881'}, 'recipient': {'id': '301036963725724'}}], 'id': '301036963725724', 'time': 1522419594916}]}
2018-03-30 14:19:55,589 :: INFO :: STATUS CODE - TYPING BUBBLE: 400 - {"error":{"message":"(#551) This person isn't available right now.","type":"OAuthException","code":551,"error_subcode":1545041,"fbtrace_id":"GHZoi9yZ6L\/"}}
2018-03-30 14:19:56,834 :: INFO :: STATUS CODE - MSG: 400 - {"error":{"message":"(#551) This person isn't available right now.","type":"OAuthException","code":551,"error_subcode":1545041,"fbtrace_id":"FIvWGxuhFRa"}}
2018-03-30 14:20:28,961 :: INFO :: DATA: {'object': 'page', 'entry': [{'messaging': [{'message': {'mid': 'mid.$cAAFLOdAkFTNop_mHS1idrRBvmZUP', 'seq': 518223, 'text': "je veux un film d'action des années 1990"}, 'timestamp': 1522409946955, 'sender': {'id': '1518498408229929'}, 'recipient': {'id': '301036963725724'}}], 'id': '301036963725724', 'time': 1522419628382}]}
2018-03-30 17:27:23,935 :: INFO ::  * Restarting with stat
2018-03-30 17:27:29,054 :: WARNING ::  * Debugger is active!
2018-03-30 17:27:29,070 :: INFO ::  * Debugger PIN: 327-498-208
2018-03-30 17:27:29,928 :: INFO ::  * Running on http://0.0.0.0:5000/ (Press CTRL+C to quit)
2018-03-30 17:30:14,215 :: INFO :: 328777163
2018-03-30 17:30:14,216 :: INFO :: 127.0.0.1 - - [30/Mar/2018 17:30:14] "[37mGET /?hub.mode=subscribe&hub.challenge=328777163&hub.verify_token=secret HTTP/1.1[0m" 200 -
2018-03-30 17:30:51,800 :: INFO :: USER DETAIL: {'first_name': 'Charles', 'last_name': 'Jacquet', 'profile_pic': 'https://lookaside.facebook.com/platform/profilepic/?psid=2347567705269479&width=1024&ext=1522683051&hash=AeQgmMv3EYg-xDVb', 'gender': 'male', 'locale': 'fr_FR', 'id': '2347567705269479'}
2018-03-30 17:30:53,561 :: INFO :: 127.0.0.1 - - [30/Mar/2018 17:30:53] "[37mPOST / HTTP/1.1[0m" 200 -
2018-03-30 17:31:03,739 :: INFO :: USER DETAIL: {'first_name': 'Charles', 'last_name': 'Jacquet', 'profile_pic': 'https://lookaside.facebook.com/platform/profilepic/?psid=2347567705269479&width=1024&ext=1522683063&hash=AeSNS8cYRNEDpabg', 'gender': 'male', 'locale': 'fr_FR', 'id': '2347567705269479'}
2018-03-30 17:31:07,744 :: INFO :: 127.0.0.1 - - [30/Mar/2018 17:31:07] "[37mPOST / HTTP/1.1[0m" 200 -
2018-03-30 17:34:51,986 :: INFO :: USER DETAIL: {'first_name': 'Kvin', 'last_name': 'Jean', 'profile_pic': 'https://lookaside.facebook.com/platform/profilepic/?psid=1759037807468712&width=1024&ext=1522683291&hash=AeRzd5CdSswwN8ev', 'gender': 'male', 'locale': 'fr_FR', 'id': '1759037807468712'}
2018-03-30 17:34:53,675 :: INFO :: 127.0.0.1 - - [30/Mar/2018 17:34:53] "[37mPOST / HTTP/1.1[0m" 200 -
2018-03-30 17:36:10,932 :: INFO :: USER DETAIL: {'first_name': 'Kvin', 'last_name': 'Jean', 'profile_pic': 'https://lookaside.facebook.com/platform/profilepic/?psid=1759037807468712&width=1024&ext=1522683370&hash=AeSHNyA1VW61X0i8', 'gender': 'male', 'locale': 'fr_FR', 'id': '1759037807468712'}
2018-03-30 17:36:11,375 :: INFO :: 127.0.0.1 - - [30/Mar/2018 17:36:11] "[37mPOST / HTTP/1.1[0m" 200 -
2018-03-30 17:36:20,377 :: INFO :: USER DETAIL: {'first_name': 'Kvin', 'last_name': 'Jean', 'profile_pic': 'https://lookaside.facebook.com/platform/profilepic/?psid=1759037807468712&width=1024&ext=1522683379&hash=AeTuABn0Yq45rCdD', 'gender': 'male', 'locale': 'fr_FR', 'id': '1759037807468712'}
2018-03-30 17:36:20,862 :: INFO :: 127.0.0.1 - - [30/Mar/2018 17:36:20] "[37mPOST / HTTP/1.1[0m" 200 -
2018-03-30 17:36:27,717 :: INFO :: USER DETAIL: {'first_name': 'Kvin', 'last_name': 'Jean', 'profile_pic': 'https://lookaside.facebook.com/platform/profilepic/?psid=1759037807468712&width=1024&ext=1522683387&hash=AeQUlCt9Y2MWzDqE', 'gender': 'male', 'locale': 'fr_FR', 'id': '1759037807468712'}
2018-03-30 17:36:29,391 :: INFO :: 127.0.0.1 - - [30/Mar/2018 17:36:29] "[37mPOST / HTTP/1.1[0m" 200 -
2018-03-30 17:36:40,061 :: INFO :: USER DETAIL: {'first_name': 'Kvin', 'last_name': 'Jean', 'profile_pic': 'https://lookaside.facebook.com/platform/profilepic/?psid=1759037807468712&width=1024&ext=1522683399&hash=AeSnCNbrtq9GlBWN', 'gender': 'male', 'locale': 'fr_FR', 'id': '1759037807468712'}
2018-03-30 17:36:40,571 :: INFO :: 127.0.0.1 - - [30/Mar/2018 17:36:40] "[37mPOST / HTTP/1.1[0m" 200 -
2018-03-30 17:37:09,937 :: INFO :: USER DETAIL: {'first_name': 'Kvin', 'last_name': 'Jean', 'profile_pic': 'https://lookaside.facebook.com/platform/profilepic/?psid=1759037807468712&width=1024&ext=1522683429&hash=AeRk0Ko2GmxkRXEn', 'gender': 'male', 'locale': 'fr_FR', 'id': '1759037807468712'}
2018-03-30 17:37:13,017 :: INFO :: 127.0.0.1 - - [30/Mar/2018 17:37:13] "[37mPOST / HTTP/1.1[0m" 200 -
2018-03-30 17:38:05,722 :: INFO :: USER DETAIL: {'first_name': 'Kvin', 'last_name': 'Jean', 'profile_pic': 'https://lookaside.facebook.com/platform/profilepic/?psid=1759037807468712&width=1024&ext=1522683485&hash=AeTvQ_m6HcZSOUM5', 'gender': 'male', 'locale': 'fr_FR', 'id': '1759037807468712'}
2018-03-30 17:38:14,801 :: INFO :: 127.0.0.1 - - [30/Mar/2018 17:38:14] "[37mPOST / HTTP/1.1[0m" 200 -
2018-03-30 17:39:58,177 :: INFO :: USER DETAIL: {'first_name': 'Kvin', 'last_name': 'Jean', 'profile_pic': 'https://lookaside.facebook.com/platform/profilepic/?psid=1759037807468712&width=1024&ext=1522683597&hash=AeTjHfDIHKj2jRld', 'gender': 'male', 'locale': 'fr_FR', 'id': '1759037807468712'}
2018-03-30 17:39:59,443 :: INFO :: 127.0.0.1 - - [30/Mar/2018 17:39:59] "[37mPOST / HTTP/1.1[0m" 200 -
2018-03-30 17:40:13,294 :: INFO :: USER DETAIL: {'first_name': 'Kvin', 'last_name': 'Jean', 'profile_pic': 'https://lookaside.facebook.com/platform/profilepic/?psid=1759037807468712&width=1024&ext=1522683612&hash=AeQ3AU66wPFWxD1m', 'gender': 'male', 'locale': 'fr_FR', 'id': '1759037807468712'}
2018-03-30 17:40:16,947 :: INFO :: 127.0.0.1 - - [30/Mar/2018 17:40:16] "[37mPOST / HTTP/1.1[0m" 200 -
2018-03-30 17:40:31,245 :: INFO :: USER DETAIL: {'first_name': 'Kvin', 'last_name': 'Jean', 'profile_pic': 'https://lookaside.facebook.com/platform/profilepic/?psid=1759037807468712&width=1024&ext=1522683630&hash=AeRJ53BacB6s0KVA', 'gender': 'male', 'locale': 'fr_FR', 'id': '1759037807468712'}
2018-03-30 17:40:32,553 :: INFO :: 127.0.0.1 - - [30/Mar/2018 17:40:32] "[37mPOST / HTTP/1.1[0m" 200 -
2018-03-30 17:41:06,592 :: INFO :: USER DETAIL: {'first_name': 'Kvin', 'last_name': 'Jean', 'profile_pic': 'https://lookaside.facebook.com/platform/profilepic/?psid=1759037807468712&width=1024&ext=1522683666&hash=AeSjQoPIU7wsb9Rp', 'gender': 'male', 'locale': 'fr_FR', 'id': '1759037807468712'}
2018-03-30 17:41:09,393 :: INFO :: 127.0.0.1 - - [30/Mar/2018 17:41:09] "[37mPOST / HTTP/1.1[0m" 200 -
2018-03-30 17:41:49,121 :: INFO :: USER DETAIL: {'first_name': 'Kvin', 'last_name': 'Jean', 'profile_pic': 'https://lookaside.facebook.com/platform/profilepic/?psid=1759037807468712&width=1024&ext=1522683708&hash=AeTxkXgd7m0DLnmW', 'gender': 'male', 'locale': 'fr_FR', 'id': '1759037807468712'}
2018-03-30 17:41:52,207 :: INFO :: 127.0.0.1 - - [30/Mar/2018 17:41:52] "[37mPOST / HTTP/1.1[0m" 200 -
2018-03-30 17:42:09,862 :: INFO :: USER DETAIL: {'first_name': 'Kvin', 'last_name': 'Jean', 'profile_pic': 'https://lookaside.facebook.com/platform/profilepic/?psid=1759037807468712&width=1024&ext=1522683729&hash=AeRAdUXnvz9sBG3w', 'gender': 'male', 'locale': 'fr_FR', 'id': '1759037807468712'}
2018-03-30 17:42:19,010 :: INFO :: 127.0.0.1 - - [30/Mar/2018 17:42:19] "[37mPOST / HTTP/1.1[0m" 200 -
2018-03-30 18:06:24,803 :: INFO ::  * Restarting with stat
2018-03-30 18:06:28,066 :: WARNING ::  * Debugger is active!
2018-03-30 18:06:28,077 :: INFO ::  * Debugger PIN: 327-498-208
2018-03-30 18:06:28,936 :: INFO ::  * Running on http://0.0.0.0:5000/ (Press CTRL+C to quit)
2018-03-30 18:06:30,386 :: INFO :: USER DETAIL: {'first_name': 'Kvin', 'last_name': 'Jean', 'profile_pic': 'https://lookaside.facebook.com/platform/profilepic/?psid=1759037807468712&width=1024&ext=1522685189&hash=AeSAY4L1Szbl2KeH', 'gender': 'male', 'locale': 'fr_FR', 'id': '1759037807468712'}
2018-03-30 18:06:32,213 :: INFO :: 127.0.0.1 - - [30/Mar/2018 18:06:32] "[37mPOST / HTTP/1.1[0m" 200 -
2018-03-30 18:06:32,997 :: INFO :: USER DETAIL: {'first_name': 'Kvin', 'last_name': 'Jean', 'profile_pic': 'https://lookaside.facebook.com/platform/profilepic/?psid=1759037807468712&width=1024&ext=1522685192&hash=AeS1NoTjlMEHaUKn', 'gender': 'male', 'locale': 'fr_FR', 'id': '1759037807468712'}
2018-03-30 18:06:34,298 :: INFO :: 127.0.0.1 - - [30/Mar/2018 18:06:34] "[37mPOST / HTTP/1.1[0m" 200 -
2018-03-30 18:09:16,269 :: INFO :: USER DETAIL: {'first_name': 'Kvin', 'last_name': 'Jean', 'profile_pic': 'https://lookaside.facebook.com/platform/profilepic/?psid=1759037807468712&width=1024&ext=1522685355&hash=AeRTcPXTxdSDsNx8', 'gender': 'male', 'locale': 'fr_FR', 'id': '1759037807468712'}
2018-03-30 18:09:18,116 :: INFO :: 127.0.0.1 - - [30/Mar/2018 18:09:18] "[37mPOST / HTTP/1.1[0m" 200 -
2018-03-30 18:12:18,419 :: INFO :: USER DETAIL: {'first_name': 'Kvin', 'last_name': 'Jean', 'profile_pic': 'https://lookaside.facebook.com/platform/profilepic/?psid=1759037807468712&width=1024&ext=1522685537&hash=AeRYMEyoNkSh9d0A', 'gender': 'male', 'locale': 'fr_FR', 'id': '1759037807468712'}
2018-03-30 18:12:19,982 :: INFO :: 127.0.0.1 - - [30/Mar/2018 18:12:19] "[37mPOST / HTTP/1.1[0m" 200 -
